This is pdfTeX, Version 3.1415926-2.5-1.40.14 (MiKTeX 2.9) (preloaded format=pdflatex 2015.5.19)  7 JUN 2018 10:27
entering extended mode
**SPE-Poisson-Logistic-Regression.tex

(C:\Users\janne.pitkaniemi\SPE\lectures\poisson-logistic\SPE-Poisson-Logistic-R
egression.tex
LaTeX2e <2011/06/27>
Babel <v3.8m> and hyphenation patterns for english, afrikaans, ancientgreek, ar
abic, armenian, assamese, basque, bengali, bokmal, bulgarian, catalan, coptic, 
croatian, czech, danish, dutch, esperanto, estonian, farsi, finnish, french, ga
lician, german, german-x-2013-05-26, greek, gujarati, hindi, hungarian, iceland
ic, indonesian, interlingua, irish, italian, kannada, kurmanji, latin, latvian,
 lithuanian, malayalam, marathi, mongolian, mongolianlmc, monogreek, ngerman, n
german-x-2013-05-26, nynorsk, oriya, panjabi, pinyin, polish, portuguese, roman
ian, russian, sanskrit, serbian, slovak, slovenian, spanish, swedish, swissgerm
an, tamil, telugu, turkish, turkmen, ukenglish, ukrainian, uppersorbian, usengl
ishmax, welsh, loaded.

(C:\Users\janne.pitkaniemi\AppData\Roaming\MiKTeX\2.9\tex\latex\beamer\base\bea
mer.cls
(C:\Users\janne.pitkaniemi\AppData\Roaming\MiKTeX\2.9\tex\latex\beamer\base\bea
merbasercs.sty
Package: beamerbasercs 2015/03/08 (rcs-revision 368aa9ba9d38)
)
Document Class: beamer 2015/01/05 3.36 A class for typesetting presentations (r
cs-revision 8a39122e1f63)

(C:\Users\janne.pitkaniemi\AppData\Roaming\MiKTeX\2.9\tex\latex\beamer\base\bea
merbasemodes.sty
Package: beamerbasemodes 2013/09/03 (rcs-revision 768f2d98ca64)
\beamer@tempbox=\box26
\beamer@tempcount=\count79
\c@beamerpauses=\count80

(C:\Users\janne.pitkaniemi\AppData\Roaming\MiKTeX\2.9\tex\latex\beamer\base\bea
merbasedecode.sty
Package: beamerbasedecode 2010/05/01 (rcs-revision efa082c6111d)
\beamer@slideinframe=\count81
\beamer@minimum=\count82
)
\beamer@commentbox=\box27
\beamer@modecount=\count83
)
("C:\Program Files (x86)\MiKTeX 2.9\tex\generic\oberdiek\ifpdf.sty"
Package: ifpdf 2011/01/30 v2.3 Provides the ifpdf switch (HO)
Package ifpdf Info: pdfTeX in PDF mode is detected.
)
\headheight=\dimen102
\headdp=\dimen103
\footheight=\dimen104
\sidebarheight=\dimen105
\beamer@tempdim=\dimen106
\beamer@finalheight=\dimen107
\beamer@animht=\dimen108
\beamer@animdp=\dimen109
\beamer@animwd=\dimen110
\beamer@leftmargin=\dimen111
\beamer@rightmargin=\dimen112
\beamer@leftsidebar=\dimen113
\beamer@rightsidebar=\dimen114
\beamer@boxsize=\dimen115
\beamer@vboxoffset=\dimen116
\beamer@descdefault=\dimen117
\beamer@descriptionwidth=\dimen118
\beamer@lastskip=\skip41
\beamer@areabox=\box28
\beamer@animcurrent=\box29
\beamer@animshowbox=\box30
\beamer@sectionbox=\box31
\beamer@logobox=\box32
\beamer@linebox=\box33
\beamer@sectioncount=\count84
\beamer@subsubsectionmax=\count85
\beamer@subsectionmax=\count86
\beamer@sectionmax=\count87
\beamer@totalheads=\count88
\beamer@headcounter=\count89
\beamer@partstartpage=\count90
\beamer@sectionstartpage=\count91
\beamer@subsectionstartpage=\count92
\beamer@animationtempa=\count93
\beamer@animationtempb=\count94
\beamer@xpos=\count95
\beamer@ypos=\count96
\beamer@showpartnumber=\count97
\beamer@currentsubsection=\count98
\beamer@coveringdepth=\count99
\beamer@sectionadjust=\count100
\beamer@tocsectionnumber=\count101

(C:\Users\janne.pitkaniemi\AppData\Roaming\MiKTeX\2.9\tex\latex\beamer\base\bea
merbaseoptions.sty
Package: beamerbaseoptions 2013/03/10 (rcs-revision 47431932db0d)

("C:\Program Files (x86)\MiKTeX 2.9\tex\latex\graphics\keyval.sty"
Package: keyval 1999/03/16 v1.13 key=value parser (DPC)
\KV@toks@=\toks14
))
\beamer@paperwidth=\skip42
\beamer@paperheight=\skip43

("C:\Program Files (x86)\MiKTeX 2.9\tex\latex\geometry\geometry.sty"
Package: geometry 2010/09/12 v5.6 Page Geometry

("C:\Program Files (x86)\MiKTeX 2.9\tex\generic\oberdiek\ifvtex.sty"
Package: ifvtex 2010/03/01 v1.5 Detect VTeX and its facilities (HO)
Package ifvtex Info: VTeX not detected.
)
("C:\Program Files (x86)\MiKTeX 2.9\tex\generic\ifxetex\ifxetex.sty"
Package: ifxetex 2010/09/12 v0.6 Provides ifxetex conditional
)
\Gm@cnth=\count102
\Gm@cntv=\count103
\c@Gm@tempcnt=\count104
\Gm@bindingoffset=\dimen119
\Gm@wd@mp=\dimen120
\Gm@odd@mp=\dimen121
\Gm@even@mp=\dimen122
\Gm@layoutwidth=\dimen123
\Gm@layoutheight=\dimen124
\Gm@layouthoffset=\dimen125
\Gm@layoutvoffset=\dimen126
\Gm@dimlist=\toks15

("C:\Program Files (x86)\MiKTeX 2.9\tex\latex\geometry\geometry.cfg"))
("C:\Program Files (x86)\MiKTeX 2.9\tex\latex\base\size12.clo"
File: size12.clo 2007/10/19 v1.4h Standard LaTeX file (size option)
)
(C:\Users\janne.pitkaniemi\AppData\Roaming\MiKTeX\2.9\tex\latex\pgf\basiclayer\
pgfcore.sty ("C:\Program Files (x86)\MiKTeX 2.9\tex\latex\graphics\graphicx.sty
"
Package: graphicx 1999/02/16 v1.0f Enhanced LaTeX Graphics (DPC,SPQR)
 ("C:\Program Files (x86)\MiKTeX 2.9\tex\latex\graphics\graphics.sty"
Package: graphics 2009/02/05 v1.0o Standard LaTeX Graphics (DPC,SPQR)

("C:\Program Files (x86)\MiKTeX 2.9\tex\latex\graphics\trig.sty"
Package: trig 1999/03/16 v1.09 sin cos tan (DPC)
)
("C:\Program Files (x86)\MiKTeX 2.9\tex\latex\00miktex\graphics.cfg"
File: graphics.cfg 2007/01/18 v1.5 graphics configuration of teTeX/TeXLive
)
Package graphics Info: Driver file: pdftex.def on input line 91.

("C:\Program Files (x86)\MiKTeX 2.9\tex\latex\pdftex-def\pdftex.def"
File: pdftex.def 2011/05/27 v0.06d Graphics/color for pdfTeX

("C:\Program Files (x86)\MiKTeX 2.9\tex\generic\oberdiek\infwarerr.sty"
Package: infwarerr 2010/04/08 v1.3 Providing info/warning/error messages (HO)
)
("C:\Program Files (x86)\MiKTeX 2.9\tex\generic\oberdiek\ltxcmds.sty"
Package: ltxcmds 2011/11/09 v1.22 LaTeX kernel commands for general use (HO)
)
\Gread@gobject=\count105
))
\Gin@req@height=\dimen127
\Gin@req@width=\dimen128
)
(C:\Users\janne.pitkaniemi\AppData\Roaming\MiKTeX\2.9\tex\latex\pgf\systemlayer
\pgfsys.sty
(C:\Users\janne.pitkaniemi\AppData\Roaming\MiKTeX\2.9\tex\latex\pgf\utilities\p
gfrcs.sty
(C:\Users\janne.pitkaniemi\AppData\Roaming\MiKTeX\2.9\tex\generic\pgf\utilities
\pgfutil-common.tex
\pgfutil@everybye=\toks16
\pgfutil@tempdima=\dimen129
\pgfutil@tempdimb=\dimen130

(C:\Users\janne.pitkaniemi\AppData\Roaming\MiKTeX\2.9\tex\generic\pgf\utilities
\pgfutil-common-lists.tex))
(C:\Users\janne.pitkaniemi\AppData\Roaming\MiKTeX\2.9\tex\generic\pgf\utilities
\pgfutil-latex.def
\pgfutil@abb=\box34

(C:\Users\janne.pitkaniemi\AppData\Roaming\MiKTeX\2.9\tex\latex\ms\everyshi.sty
Package: everyshi 2001/05/15 v3.00 EveryShipout Package (MS)
))
(C:\Users\janne.pitkaniemi\AppData\Roaming\MiKTeX\2.9\tex\generic\pgf\utilities
\pgfrcs.code.tex
Package: pgfrcs 2013/12/20 v3.0.0 (rcs-revision 1.28)
))
(C:\Users\janne.pitkaniemi\AppData\Roaming\MiKTeX\2.9\tex\generic\pgf\systemlay
er\pgfsys.code.tex
Package: pgfsys 2013/11/30 v3.0.0 (rcs-revision 1.47)

(C:\Users\janne.pitkaniemi\AppData\Roaming\MiKTeX\2.9\tex\generic\pgf\utilities
\pgfkeys.code.tex
\pgfkeys@pathtoks=\toks17
\pgfkeys@temptoks=\toks18

(C:\Users\janne.pitkaniemi\AppData\Roaming\MiKTeX\2.9\tex\generic\pgf\utilities
\pgfkeysfiltered.code.tex
\pgfkeys@tmptoks=\toks19
))
\pgf@x=\dimen131
\pgf@y=\dimen132
\pgf@xa=\dimen133
\pgf@ya=\dimen134
\pgf@xb=\dimen135
\pgf@yb=\dimen136
\pgf@xc=\dimen137
\pgf@yc=\dimen138
\w@pgf@writea=\write3
\r@pgf@reada=\read1
\c@pgf@counta=\count106
\c@pgf@countb=\count107
\c@pgf@countc=\count108
\c@pgf@countd=\count109
\t@pgf@toka=\toks20
\t@pgf@tokb=\toks21
\t@pgf@tokc=\toks22

(C:\Users\janne.pitkaniemi\AppData\Roaming\MiKTeX\2.9\tex\generic\pgf\systemlay
er\pgf.cfg
File: pgf.cfg 2008/05/14  (rcs-revision 1.7)
)
Driver file for pgf: pgfsys-pdftex.def

(C:\Users\janne.pitkaniemi\AppData\Roaming\MiKTeX\2.9\tex\generic\pgf\systemlay
er\pgfsys-pdftex.def
File: pgfsys-pdftex.def 2013/07/18  (rcs-revision 1.33)

(C:\Users\janne.pitkaniemi\AppData\Roaming\MiKTeX\2.9\tex\generic\pgf\systemlay
er\pgfsys-common-pdf.def
File: pgfsys-common-pdf.def 2013/10/10  (rcs-revision 1.13)
)))
(C:\Users\janne.pitkaniemi\AppData\Roaming\MiKTeX\2.9\tex\generic\pgf\systemlay
er\pgfsyssoftpath.code.tex
File: pgfsyssoftpath.code.tex 2013/09/09  (rcs-revision 1.9)
\pgfsyssoftpath@smallbuffer@items=\count110
\pgfsyssoftpath@bigbuffer@items=\count111
)
(C:\Users\janne.pitkaniemi\AppData\Roaming\MiKTeX\2.9\tex\generic\pgf\systemlay
er\pgfsysprotocol.code.tex
File: pgfsysprotocol.code.tex 2006/10/16  (rcs-revision 1.4)
))
(C:\Users\janne.pitkaniemi\AppData\Roaming\MiKTeX\2.9\tex\latex\xcolor\xcolor.s
ty
Package: xcolor 2007/01/21 v2.11 LaTeX color extensions (UK)
 ("C:\Program Files (x86)\MiKTeX 2.9\tex\latex\00miktex\color.cfg"
File: color.cfg 2007/01/18 v1.5 color configuration of teTeX/TeXLive
)
Package xcolor Info: Driver file: pdftex.def on input line 225.
Package xcolor Info: Model `cmy' substituted by `cmy0' on input line 1337.
Package xcolor Info: Model `hsb' substituted by `rgb' on input line 1341.
Package xcolor Info: Model `RGB' extended on input line 1353.
Package xcolor Info: Model `HTML' substituted by `rgb' on input line 1355.
Package xcolor Info: Model `Hsb' substituted by `hsb' on input line 1356.
Package xcolor Info: Model `tHsb' substituted by `hsb' on input line 1357.
Package xcolor Info: Model `HSB' substituted by `hsb' on input line 1358.
Package xcolor Info: Model `Gray' substituted by `gray' on input line 1359.
Package xcolor Info: Model `wave' substituted by `hsb' on input line 1360.

("C:\Program Files (x86)\MiKTeX 2.9\tex\latex\graphics\dvipsnam.def"
File: dvipsnam.def 1999/02/16 v3.0i Driver-dependant file (DPC,SPQR)
))
(C:\Users\janne.pitkaniemi\AppData\Roaming\MiKTeX\2.9\tex\generic\pgf\basiclaye
r\pgfcore.code.tex
Package: pgfcore 2010/04/11 v3.0.0 (rcs-revision 1.7)

(C:\Users\janne.pitkaniemi\AppData\Roaming\MiKTeX\2.9\tex\generic\pgf\math\pgfm
ath.code.tex
(C:\Users\janne.pitkaniemi\AppData\Roaming\MiKTeX\2.9\tex\generic\pgf\math\pgfm
athcalc.code.tex
(C:\Users\janne.pitkaniemi\AppData\Roaming\MiKTeX\2.9\tex\generic\pgf\math\pgfm
athutil.code.tex)
(C:\Users\janne.pitkaniemi\AppData\Roaming\MiKTeX\2.9\tex\generic\pgf\math\pgfm
athparser.code.tex
\pgfmath@dimen=\dimen139
\pgfmath@count=\count112
\pgfmath@box=\box35
\pgfmath@toks=\toks23
\pgfmath@stack@operand=\toks24
\pgfmath@stack@operation=\toks25
)
(C:\Users\janne.pitkaniemi\AppData\Roaming\MiKTeX\2.9\tex\generic\pgf\math\pgfm
athfunctions.code.tex
(C:\Users\janne.pitkaniemi\AppData\Roaming\MiKTeX\2.9\tex\generic\pgf\math\pgfm
athfunctions.basic.code.tex)
(C:\Users\janne.pitkaniemi\AppData\Roaming\MiKTeX\2.9\tex\generic\pgf\math\pgfm
athfunctions.trigonometric.code.tex)
(C:\Users\janne.pitkaniemi\AppData\Roaming\MiKTeX\2.9\tex\generic\pgf\math\pgfm
athfunctions.random.code.tex)
(C:\Users\janne.pitkaniemi\AppData\Roaming\MiKTeX\2.9\tex\generic\pgf\math\pgfm
athfunctions.comparison.code.tex)
(C:\Users\janne.pitkaniemi\AppData\Roaming\MiKTeX\2.9\tex\generic\pgf\math\pgfm
athfunctions.base.code.tex)
(C:\Users\janne.pitkaniemi\AppData\Roaming\MiKTeX\2.9\tex\generic\pgf\math\pgfm
athfunctions.round.code.tex)
(C:\Users\janne.pitkaniemi\AppData\Roaming\MiKTeX\2.9\tex\generic\pgf\math\pgfm
athfunctions.misc.code.tex)
(C:\Users\janne.pitkaniemi\AppData\Roaming\MiKTeX\2.9\tex\generic\pgf\math\pgfm
athfunctions.integerarithmetics.code.tex)))
(C:\Users\janne.pitkaniemi\AppData\Roaming\MiKTeX\2.9\tex\generic\pgf\math\pgfm
athfloat.code.tex
\c@pgfmathroundto@lastzeros=\count113
))
(C:\Users\janne.pitkaniemi\AppData\Roaming\MiKTeX\2.9\tex\generic\pgf\basiclaye
r\pgfcorepoints.code.tex
File: pgfcorepoints.code.tex 2013/10/07  (rcs-revision 1.27)
\pgf@picminx=\dimen140
\pgf@picmaxx=\dimen141
\pgf@picminy=\dimen142
\pgf@picmaxy=\dimen143
\pgf@pathminx=\dimen144
\pgf@pathmaxx=\dimen145
\pgf@pathminy=\dimen146
\pgf@pathmaxy=\dimen147
\pgf@xx=\dimen148
\pgf@xy=\dimen149
\pgf@yx=\dimen150
\pgf@yy=\dimen151
\pgf@zx=\dimen152
\pgf@zy=\dimen153
)
(C:\Users\janne.pitkaniemi\AppData\Roaming\MiKTeX\2.9\tex\generic\pgf\basiclaye
r\pgfcorepathconstruct.code.tex
File: pgfcorepathconstruct.code.tex 2013/10/07  (rcs-revision 1.29)
\pgf@path@lastx=\dimen154
\pgf@path@lasty=\dimen155
)
(C:\Users\janne.pitkaniemi\AppData\Roaming\MiKTeX\2.9\tex\generic\pgf\basiclaye
r\pgfcorepathusage.code.tex
File: pgfcorepathusage.code.tex 2013/12/13  (rcs-revision 1.23)
\pgf@shorten@end@additional=\dimen156
\pgf@shorten@start@additional=\dimen157
)
(C:\Users\janne.pitkaniemi\AppData\Roaming\MiKTeX\2.9\tex\generic\pgf\basiclaye
r\pgfcorescopes.code.tex
File: pgfcorescopes.code.tex 2013/10/09  (rcs-revision 1.44)
\pgfpic=\box36
\pgf@hbox=\box37
\pgf@layerbox@main=\box38
\pgf@picture@serial@count=\count114
)
(C:\Users\janne.pitkaniemi\AppData\Roaming\MiKTeX\2.9\tex\generic\pgf\basiclaye
r\pgfcoregraphicstate.code.tex
File: pgfcoregraphicstate.code.tex 2013/09/19  (rcs-revision 1.11)
\pgflinewidth=\dimen158
)
(C:\Users\janne.pitkaniemi\AppData\Roaming\MiKTeX\2.9\tex\generic\pgf\basiclaye
r\pgfcoretransformations.code.tex
File: pgfcoretransformations.code.tex 2013/10/10  (rcs-revision 1.17)
\pgf@pt@x=\dimen159
\pgf@pt@y=\dimen160
\pgf@pt@temp=\dimen161
)
(C:\Users\janne.pitkaniemi\AppData\Roaming\MiKTeX\2.9\tex\generic\pgf\basiclaye
r\pgfcorequick.code.tex
File: pgfcorequick.code.tex 2008/10/09  (rcs-revision 1.3)
)
(C:\Users\janne.pitkaniemi\AppData\Roaming\MiKTeX\2.9\tex\generic\pgf\basiclaye
r\pgfcoreobjects.code.tex
File: pgfcoreobjects.code.tex 2006/10/11  (rcs-revision 1.2)
)
(C:\Users\janne.pitkaniemi\AppData\Roaming\MiKTeX\2.9\tex\generic\pgf\basiclaye
r\pgfcorepathprocessing.code.tex
File: pgfcorepathprocessing.code.tex 2013/09/09  (rcs-revision 1.9)
)
(C:\Users\janne.pitkaniemi\AppData\Roaming\MiKTeX\2.9\tex\generic\pgf\basiclaye
r\pgfcorearrows.code.tex
File: pgfcorearrows.code.tex 2013/11/07  (rcs-revision 1.40)
\pgfarrowsep=\dimen162
)
(C:\Users\janne.pitkaniemi\AppData\Roaming\MiKTeX\2.9\tex\generic\pgf\basiclaye
r\pgfcoreshade.code.tex
File: pgfcoreshade.code.tex 2013/07/15  (rcs-revision 1.15)
\pgf@max=\dimen163
\pgf@sys@shading@range@num=\count115
)
(C:\Users\janne.pitkaniemi\AppData\Roaming\MiKTeX\2.9\tex\generic\pgf\basiclaye
r\pgfcoreimage.code.tex
File: pgfcoreimage.code.tex 2013/07/15  (rcs-revision 1.18)

(C:\Users\janne.pitkaniemi\AppData\Roaming\MiKTeX\2.9\tex\generic\pgf\basiclaye
r\pgfcoreexternal.code.tex
File: pgfcoreexternal.code.tex 2013/07/15  (rcs-revision 1.20)
\pgfexternal@startupbox=\box39
))
(C:\Users\janne.pitkaniemi\AppData\Roaming\MiKTeX\2.9\tex\generic\pgf\basiclaye
r\pgfcorelayers.code.tex
File: pgfcorelayers.code.tex 2013/07/18  (rcs-revision 1.7)
)
(C:\Users\janne.pitkaniemi\AppData\Roaming\MiKTeX\2.9\tex\generic\pgf\basiclaye
r\pgfcoretransparency.code.tex
File: pgfcoretransparency.code.tex 2013/09/30  (rcs-revision 1.5)
)
(C:\Users\janne.pitkaniemi\AppData\Roaming\MiKTeX\2.9\tex\generic\pgf\basiclaye
r\pgfcorepatterns.code.tex
File: pgfcorepatterns.code.tex 2013/11/07  (rcs-revision 1.5)
)))
(C:\Users\janne.pitkaniemi\AppData\Roaming\MiKTeX\2.9\tex\latex\pgf\utilities\x
xcolor.sty
Package: xxcolor 2003/10/24 ver 0.1
\XC@nummixins=\count116
\XC@countmixins=\count117
)
("C:\Program Files (x86)\MiKTeX 2.9\tex\generic\oberdiek\atbegshi.sty"
Package: atbegshi 2011/10/05 v1.16 At begin shipout hook (HO)
)
("C:\Program Files (x86)\MiKTeX 2.9\tex\latex\hyperref\hyperref.sty"
Package: hyperref 2012/11/06 v6.83m Hypertext links for LaTeX

("C:\Program Files (x86)\MiKTeX 2.9\tex\generic\oberdiek\hobsub-hyperref.sty"
Package: hobsub-hyperref 2012/04/25 v1.12 Bundle oberdiek, subset hyperref (HO)


("C:\Program Files (x86)\MiKTeX 2.9\tex\generic\oberdiek\hobsub-generic.sty"
Package: hobsub-generic 2012/04/25 v1.12 Bundle oberdiek, subset generic (HO)
Package: hobsub 2012/04/25 v1.12 Construct package bundles (HO)
Package hobsub Info: Skipping package `infwarerr' (already loaded).
Package hobsub Info: Skipping package `ltxcmds' (already loaded).
Package: ifluatex 2010/03/01 v1.3 Provides the ifluatex switch (HO)
Package ifluatex Info: LuaTeX not detected.
Package hobsub Info: Skipping package `ifvtex' (already loaded).
Package: intcalc 2007/09/27 v1.1 Expandable calculations with integers (HO)
Package hobsub Info: Skipping package `ifpdf' (already loaded).
Package: etexcmds 2011/02/16 v1.5 Avoid name clashes with e-TeX commands (HO)
Package etexcmds Info: Could not find \expanded.
(etexcmds)             That can mean that you are not using pdfTeX 1.50 or
(etexcmds)             that some package has redefined \expanded.
(etexcmds)             In the latter case, load this package earlier.
Package: kvsetkeys 2012/04/25 v1.16 Key value parser (HO)
Package: kvdefinekeys 2011/04/07 v1.3 Define keys (HO)
Package: pdftexcmds 2011/11/29 v0.20 Utility functions of pdfTeX for LuaTeX (HO
)
Package pdftexcmds Info: LuaTeX not detected.
Package pdftexcmds Info: \pdf@primitive is available.
Package pdftexcmds Info: \pdf@ifprimitive is available.
Package pdftexcmds Info: \pdfdraftmode found.
Package: pdfescape 2011/11/25 v1.13 Implements pdfTeX's escape features (HO)
Package: bigintcalc 2012/04/08 v1.3 Expandable calculations on big integers (HO
)
Package: bitset 2011/01/30 v1.1 Handle bit-vector datatype (HO)
Package: uniquecounter 2011/01/30 v1.2 Provide unlimited unique counter (HO)
)
Package hobsub Info: Skipping package `hobsub' (already loaded).
Package: letltxmacro 2010/09/02 v1.4 Let assignment for LaTeX macros (HO)
Package: hopatch 2011/06/24 v1.1 Wrapper for package hooks (HO)
Package: xcolor-patch 2011/01/30 xcolor patch
Package: atveryend 2011/06/30 v1.8 Hooks at the very end of document (HO)
Package atveryend Info: \enddocument detected (standard20110627).
Package hobsub Info: Skipping package `atbegshi' (already loaded).
Package: refcount 2011/10/16 v3.4 Data extraction from label references (HO)
Package: hycolor 2011/01/30 v1.7 Color options for hyperref/bookmark (HO)
)
("C:\Program Files (x86)\MiKTeX 2.9\tex\latex\oberdiek\auxhook.sty"
Package: auxhook 2011/03/04 v1.3 Hooks for auxiliary files (HO)
)
("C:\Program Files (x86)\MiKTeX 2.9\tex\latex\oberdiek\kvoptions.sty"
Package: kvoptions 2011/06/30 v3.11 Key value format for package options (HO)
)
\@linkdim=\dimen164
\Hy@linkcounter=\count118
\Hy@pagecounter=\count119

("C:\Program Files (x86)\MiKTeX 2.9\tex\latex\hyperref\pd1enc.def"
File: pd1enc.def 2012/11/06 v6.83m Hyperref: PDFDocEncoding definition (HO)
)
\Hy@SavedSpaceFactor=\count120

("C:\Program Files (x86)\MiKTeX 2.9\tex\latex\00miktex\hyperref.cfg"
File: hyperref.cfg 2002/06/06 v1.2 hyperref configuration of TeXLive
)
Package hyperref Info: Option `bookmarks' set `true' on input line 4319.
Package hyperref Info: Option `bookmarksopen' set `true' on input line 4319.
Package hyperref Info: Option `implicit' set `false' on input line 4319.
Package hyperref Info: Hyper figures OFF on input line 4443.
Package hyperref Info: Link nesting OFF on input line 4448.
Package hyperref Info: Hyper index ON on input line 4451.
Package hyperref Info: Plain pages OFF on input line 4458.
Package hyperref Info: Backreferencing OFF on input line 4463.
Package hyperref Info: Implicit mode OFF; no redefinition of LaTeX internals.
Package hyperref Info: Bookmarks ON on input line 4688.
\c@Hy@tempcnt=\count121

(C:\Users\janne.pitkaniemi\AppData\Roaming\MiKTeX\2.9\tex\latex\url\url.sty
\Urlmuskip=\muskip10
Package: url 2013/09/16  ver 3.4  Verb mode for urls, etc.
)
LaTeX Info: Redefining \url on input line 5041.
\XeTeXLinkMargin=\dimen165
\Fld@menulength=\count122
\Field@Width=\dimen166
\Fld@charsize=\dimen167
Package hyperref Info: Hyper figures OFF on input line 6295.
Package hyperref Info: Link nesting OFF on input line 6300.
Package hyperref Info: Hyper index ON on input line 6303.
Package hyperref Info: backreferencing OFF on input line 6310.
Package hyperref Info: Link coloring OFF on input line 6315.
Package hyperref Info: Link coloring with OCG OFF on input line 6320.
Package hyperref Info: PDF/A mode OFF on input line 6325.
LaTeX Info: Redefining \ref on input line 6365.
LaTeX Info: Redefining \pageref on input line 6369.
\Hy@abspage=\count123


Package hyperref Message: Stopped early.

)

Package hyperref Message: Driver (autodetected): hpdftex.

("C:\Program Files (x86)\MiKTeX 2.9\tex\latex\hyperref\hpdftex.def"
File: hpdftex.def 2012/11/06 v6.83m Hyperref driver for pdfTeX
\Fld@listcount=\count124
\c@bookmark@seq@number=\count125

("C:\Program Files (x86)\MiKTeX 2.9\tex\latex\oberdiek\rerunfilecheck.sty"
Package: rerunfilecheck 2011/04/15 v1.7 Rerun checks for auxiliary files (HO)
Package uniquecounter Info: New unique counter `rerunfilecheck' on input line 2
82.
))
(C:\Users\janne.pitkaniemi\AppData\Roaming\MiKTeX\2.9\tex\latex\beamer\base\bea
merbaserequires.sty
Package: beamerbaserequires 2010/05/01  (rcs-revision efa082c6111d)

(C:\Users\janne.pitkaniemi\AppData\Roaming\MiKTeX\2.9\tex\latex\beamer\base\bea
merbasecompatibility.sty
Package: beamerbasecompatibility 2012/05/01  (rcs-revision 67c48b3b652d)
)
(C:\Users\janne.pitkaniemi\AppData\Roaming\MiKTeX\2.9\tex\latex\beamer\base\bea
merbasefont.sty
Package: beamerbasefont 2015/01/05  (rcs-revision b4b4bee242e2)

("C:\Program Files (x86)\MiKTeX 2.9\tex\latex\amsfonts\amssymb.sty"
Package: amssymb 2013/01/14 v3.01 AMS font symbols

("C:\Program Files (x86)\MiKTeX 2.9\tex\latex\amsfonts\amsfonts.sty"
Package: amsfonts 2013/01/14 v3.01 Basic AMSFonts support
\@emptytoks=\toks26
\symAMSa=\mathgroup4
\symAMSb=\mathgroup5
LaTeX Font Info:    Overwriting math alphabet `\mathfrak' in version `bold'
(Font)                  U/euf/m/n --> U/euf/b/n on input line 106.
))
(C:\Users\janne.pitkaniemi\AppData\Roaming\MiKTeX\2.9\tex\latex\sansmathaccent\
sansmathaccent.sty
Package: sansmathaccent 2013/03/28

(C:\Users\janne.pitkaniemi\AppData\Roaming\MiKTeX\2.9\tex\latex\filehook\fileho
ok.sty
Package: filehook 2011/10/12 v0.5d Hooks for input files
)))
(C:\Users\janne.pitkaniemi\AppData\Roaming\MiKTeX\2.9\tex\latex\beamer\base\bea
merbasetranslator.sty
Package: beamerbasetranslator 2010/06/11  (rcs-revision 85fd1cc7fc42)

(C:\Users\janne.pitkaniemi\AppData\Roaming\MiKTeX\2.9\tex\latex\beamer\base\tra
nslator\translator.sty
Package: translator 2010/06/12 ver 1.10

(C:\Users\janne.pitkaniemi\AppData\Roaming\MiKTeX\2.9\tex\latex\beamer\base\tra
nslator\translator-language-mappings.tex)))
(C:\Users\janne.pitkaniemi\AppData\Roaming\MiKTeX\2.9\tex\latex\beamer\base\bea
merbasemisc.sty
Package: beamerbasemisc 2013/09/03  (rcs-revision a55719c41d85)
)
(C:\Users\janne.pitkaniemi\AppData\Roaming\MiKTeX\2.9\tex\latex\beamer\base\bea
merbasetwoscreens.sty
Package: beamerbasetwoscreens 2010/05/01  (rcs-revision efa082c6111d)
)
(C:\Users\janne.pitkaniemi\AppData\Roaming\MiKTeX\2.9\tex\latex\beamer\base\bea
merbaseoverlay.sty
Package: beamerbaseoverlay 2013/12/25  (rcs-revision f6bd5e3805da)
\beamer@argscount=\count126
\beamer@lastskipcover=\skip44
\beamer@trivlistdepth=\count127
)
(C:\Users\janne.pitkaniemi\AppData\Roaming\MiKTeX\2.9\tex\latex\beamer\base\bea
merbasetitle.sty
Package: beamerbasetitle 2010/09/21  (rcs-revision f0446ed0b6ae)
)
(C:\Users\janne.pitkaniemi\AppData\Roaming\MiKTeX\2.9\tex\latex\beamer\base\bea
merbasesection.sty
Package: beamerbasesection 2013/06/07  (rcs-revision 60b9fe0f342f)
\c@lecture=\count128
\c@part=\count129
\c@section=\count130
\c@subsection=\count131
\c@subsubsection=\count132
)
(C:\Users\janne.pitkaniemi\AppData\Roaming\MiKTeX\2.9\tex\latex\beamer\base\bea
merbaseframe.sty
Package: beamerbaseframe 2014/02/20  (rcs-revision 4b8ceeeff434)
\beamer@framebox=\box40
\beamer@frametitlebox=\box41
\beamer@zoombox=\box42
\beamer@zoomcount=\count133
\beamer@zoomframecount=\count134
\beamer@frametextheight=\dimen168
\c@subsectionslide=\count135
\beamer@frametopskip=\skip45
\beamer@framebottomskip=\skip46
\beamer@frametopskipautobreak=\skip47
\beamer@framebottomskipautobreak=\skip48
\beamer@envbody=\toks27
\framewidth=\dimen169
\c@framenumber=\count136
)
(C:\Users\janne.pitkaniemi\AppData\Roaming\MiKTeX\2.9\tex\latex\beamer\base\bea
merbaseverbatim.sty
Package: beamerbaseverbatim 2015/01/05  (rcs-revision 431510bb5890)
\beamer@verbatimfileout=\write4
)
(C:\Users\janne.pitkaniemi\AppData\Roaming\MiKTeX\2.9\tex\latex\beamer\base\bea
merbaseframesize.sty
Package: beamerbaseframesize 2011/09/12  (rcs-revision 70f9d8411e54)
\beamer@splitbox=\box43
\beamer@autobreakcount=\count137
\beamer@autobreaklastheight=\dimen170
\beamer@frametitletoks=\toks28
\beamer@framesubtitletoks=\toks29
)
(C:\Users\janne.pitkaniemi\AppData\Roaming\MiKTeX\2.9\tex\latex\beamer\base\bea
merbaseframecomponents.sty
Package: beamerbaseframecomponents 2013/10/18  (rcs-revision 5cf6c5555a45)
\beamer@footins=\box44
)
(C:\Users\janne.pitkaniemi\AppData\Roaming\MiKTeX\2.9\tex\latex\beamer\base\bea
merbasecolor.sty
Package: beamerbasecolor 2015/02/21  (rcs-revision d944b04ee2d5)
)
(C:\Users\janne.pitkaniemi\AppData\Roaming\MiKTeX\2.9\tex\latex\beamer\base\bea
merbasenotes.sty
Package: beamerbasenotes 2012/12/19  (rcs-revision 1686da3db3c9)
\beamer@frameboxcopy=\box45
)
(C:\Users\janne.pitkaniemi\AppData\Roaming\MiKTeX\2.9\tex\latex\beamer\base\bea
merbasetoc.sty
Package: beamerbasetoc 2015/03/08  (rcs-revision 7270298bbaae)
)
(C:\Users\janne.pitkaniemi\AppData\Roaming\MiKTeX\2.9\tex\latex\beamer\base\bea
merbasetemplates.sty
Package: beamerbasetemplates 2010/05/01  (rcs-revision efa082c6111d)
\beamer@sbttoks=\toks30

(C:\Users\janne.pitkaniemi\AppData\Roaming\MiKTeX\2.9\tex\latex\beamer\base\bea
merbaseauxtemplates.sty
Package: beamerbaseauxtemplates 2014/06/30  (rcs-revision 580088513a67)

(C:\Users\janne.pitkaniemi\AppData\Roaming\MiKTeX\2.9\tex\latex\beamer\base\bea
merbaseboxes.sty
Package: beamerbaseboxes 2012/05/13  (rcs-revision 56972908a390)
\bmb@box=\box46
\bmb@colorbox=\box47
\bmb@boxshadow=\box48
\bmb@boxshadowball=\box49
\bmb@boxshadowballlarge=\box50
\bmb@temp=\dimen171
\bmb@dima=\dimen172
\bmb@dimb=\dimen173
\bmb@prevheight=\dimen174
)
\beamer@blockheadheight=\dimen175
))
(C:\Users\janne.pitkaniemi\AppData\Roaming\MiKTeX\2.9\tex\latex\beamer\base\bea
merbaselocalstructure.sty
Package: beamerbaselocalstructure 2014/09/10  (rcs-revision 393f6dcff371)

("C:\Program Files (x86)\MiKTeX 2.9\tex\latex\tools\enumerate.sty"
Package: enumerate 1999/03/05 v3.00 enumerate extensions (DPC)
\@enLab=\toks31
)
\c@figure=\count138
\c@table=\count139
\abovecaptionskip=\skip49
\belowcaptionskip=\skip50
)
(C:\Users\janne.pitkaniemi\AppData\Roaming\MiKTeX\2.9\tex\latex\beamer\base\bea
merbasenavigation.sty
Package: beamerbasenavigation 2015/02/27  (rcs-revision 923f4bf87efa)
\beamer@section@min@dim=\dimen176
)
(C:\Users\janne.pitkaniemi\AppData\Roaming\MiKTeX\2.9\tex\latex\beamer\base\bea
merbasetheorems.sty
Package: beamerbasetheorems 2010/06/06  (rcs-revision 7e7cc5e53e9d)

("C:\Program Files (x86)\MiKTeX 2.9\tex\latex\amsmath\amsmath.sty"
Package: amsmath 2013/01/14 v2.14 AMS math features
\@mathmargin=\skip51

For additional information on amsmath, use the `?' option.
("C:\Program Files (x86)\MiKTeX 2.9\tex\latex\amsmath\amstext.sty"
Package: amstext 2000/06/29 v2.01

("C:\Program Files (x86)\MiKTeX 2.9\tex\latex\amsmath\amsgen.sty"
File: amsgen.sty 1999/11/30 v2.0
\@emptytoks=\toks32
\ex@=\dimen177
))
("C:\Program Files (x86)\MiKTeX 2.9\tex\latex\amsmath\amsbsy.sty"
Package: amsbsy 1999/11/29 v1.2d
\pmbraise@=\dimen178
)
("C:\Program Files (x86)\MiKTeX 2.9\tex\latex\amsmath\amsopn.sty"
Package: amsopn 1999/12/14 v2.01 operator names
)
\inf@bad=\count140
LaTeX Info: Redefining \frac on input line 210.
\uproot@=\count141
\leftroot@=\count142
LaTeX Info: Redefining \overline on input line 306.
\classnum@=\count143
\DOTSCASE@=\count144
LaTeX Info: Redefining \ldots on input line 378.
LaTeX Info: Redefining \dots on input line 381.
LaTeX Info: Redefining \cdots on input line 466.
\Mathstrutbox@=\box51
\strutbox@=\box52
\big@size=\dimen179
LaTeX Font Info:    Redeclaring font encoding OML on input line 566.
LaTeX Font Info:    Redeclaring font encoding OMS on input line 567.
\macc@depth=\count145
\c@MaxMatrixCols=\count146
\dotsspace@=\muskip11
\c@parentequation=\count147
\dspbrk@lvl=\count148
\tag@help=\toks33
\row@=\count149
\column@=\count150
\maxfields@=\count151
\andhelp@=\toks34
\eqnshift@=\dimen180
\alignsep@=\dimen181
\tagshift@=\dimen182
\tagwidth@=\dimen183
\totwidth@=\dimen184
\lineht@=\dimen185
\@envbody=\toks35
\multlinegap=\skip52
\multlinetaggap=\skip53
\mathdisplay@stack=\toks36
LaTeX Info: Redefining \[ on input line 2665.
LaTeX Info: Redefining \] on input line 2666.
)
("C:\Program Files (x86)\MiKTeX 2.9\tex\latex\amscls\amsthm.sty"
Package: amsthm 2004/08/06 v2.20
\thm@style=\toks37
\thm@bodyfont=\toks38
\thm@headfont=\toks39
\thm@notefont=\toks40
\thm@headpunct=\toks41
\thm@preskip=\skip54
\thm@postskip=\skip55
\thm@headsep=\skip56
\dth@everypar=\toks42
)
\c@theorem=\count152
)
(C:\Users\janne.pitkaniemi\AppData\Roaming\MiKTeX\2.9\tex\latex\beamer\base\bea
merbasethemes.sty
Package: beamerbasethemes 2010/05/01  (rcs-revision efa082c6111d)
))
(C:\Users\janne.pitkaniemi\AppData\Roaming\MiKTeX\2.9\tex\latex\beamer\base\the
mes\theme\beamerthemedefault.sty
Package: beamerthemedefault 2010/06/17  (rcs-revision d02a7cf4d8ae)

(C:\Users\janne.pitkaniemi\AppData\Roaming\MiKTeX\2.9\tex\latex\beamer\base\the
mes\font\beamerfontthemedefault.sty
Package: beamerfontthemedefault 2012/12/19  (rcs-revision 1686da3db3c9)
)
(C:\Users\janne.pitkaniemi\AppData\Roaming\MiKTeX\2.9\tex\latex\beamer\base\the
mes\color\beamercolorthemedefault.sty
Package: beamercolorthemedefault 2012/12/19  (rcs-revision 1686da3db3c9)
)
(C:\Users\janne.pitkaniemi\AppData\Roaming\MiKTeX\2.9\tex\latex\beamer\base\the
mes\inner\beamerinnerthemedefault.sty
Package: beamerinnerthemedefault 2014/06/30  (rcs-revision 580088513a67)
\beamer@dima=\dimen186
\beamer@dimb=\dimen187
)
(C:\Users\janne.pitkaniemi\AppData\Roaming\MiKTeX\2.9\tex\latex\beamer\base\the
mes\outer\beamerouterthemedefault.sty
Package: beamerouterthemedefault 2012/12/19  (rcs-revision 1686da3db3c9)
)))
(C:\Users\janne.pitkaniemi\AppData\Roaming\MiKTeX\2.9\tex\latex\listings\listin
gs.sty
\lst@mode=\count153
\lst@gtempboxa=\box53
\lst@token=\toks43
\lst@length=\count154
\lst@currlwidth=\dimen188
\lst@column=\count155
\lst@pos=\count156
\lst@lostspace=\dimen189
\lst@width=\dimen190
\lst@newlines=\count157
\lst@lineno=\count158
\lst@maxwidth=\dimen191

(C:\Users\janne.pitkaniemi\AppData\Roaming\MiKTeX\2.9\tex\latex\listings\lstmis
c.sty
File: lstmisc.sty 2014/09/06 1.5e (Carsten Heinz)
\c@lstnumber=\count159
\lst@skipnumbers=\count160
\lst@framebox=\box54
)
(C:\Users\janne.pitkaniemi\AppData\Roaming\MiKTeX\2.9\tex\latex\listings\listin
gs.cfg
File: listings.cfg 2014/09/06 1.5e listings configuration
))
Package: listings 2014/09/06 1.5e (Carsten Heinz)

(C:\Users\janne.pitkaniemi\AppData\Roaming\MiKTeX\2.9\tex\latex\listings\lstlan
g1.sty
File: lstlang1.sty 2014/09/06 1.5e listings language file
)
(C:\Users\janne.pitkaniemi\AppData\Roaming\MiKTeX\2.9\tex\latex\listings\lstlan
g2.sty
File: lstlang2.sty 2014/09/06 1.5e listings language file
)
(C:\Users\janne.pitkaniemi\AppData\Roaming\MiKTeX\2.9\tex\latex\listings\lstlan
g3.sty
File: lstlang3.sty 2014/09/06 1.5e listings language file
)
(C:/Users/JANNE~1.PIT/DOCUME~1/R/R-35~1.0/share/texmf/tex/latex\Sweave.sty
Package: Sweave 

("C:\Program Files (x86)\MiKTeX 2.9\tex\latex\base\ifthen.sty"
Package: ifthen 2001/05/26 v1.1c Standard LaTeX ifthen package (DPC)
)
("C:\Program Files (x86)\MiKTeX 2.9\tex\latex\fancyvrb\fancyvrb.sty"
Package: fancyvrb 2008/02/07

Style option: `fancyvrb' v2.7a, with DG/SPQR fixes, and firstline=lastline fix 
<2008/02/07> (tvz)
\FV@CodeLineNo=\count161
\FV@InFile=\read2
\FV@TabBox=\box55
\c@FancyVerbLine=\count162
\FV@StepNumber=\count163
\FV@OutFile=\write5
)
("C:\Program Files (x86)\MiKTeX 2.9\tex\latex\base\textcomp.sty"
Package: textcomp 2005/09/27 v1.99g Standard LaTeX package
Package textcomp Info: Sub-encoding information:
(textcomp)               5 = only ISO-Adobe without \textcurrency
(textcomp)               4 = 5 + \texteuro
(textcomp)               3 = 4 + \textohm
(textcomp)               2 = 3 + \textestimated + \textcurrency
(textcomp)               1 = TS1 - \textcircled - \t
(textcomp)               0 = TS1 (full)
(textcomp)             Font families with sub-encoding setting implement
(textcomp)             only a restricted character set as indicated.
(textcomp)             Family '?' is the default used for unknown fonts.
(textcomp)             See the documentation for details.
Package textcomp Info: Setting ? sub-encoding to TS1/1 on input line 71.

("C:\Program Files (x86)\MiKTeX 2.9\tex\latex\base\ts1enc.def"
File: ts1enc.def 2001/06/05 v3.0e (jk/car/fm) Standard LaTeX file
)
LaTeX Info: Redefining \oldstylenums on input line 266.
Package textcomp Info: Setting cmr sub-encoding to TS1/0 on input line 281.
Package textcomp Info: Setting cmss sub-encoding to TS1/0 on input line 282.
Package textcomp Info: Setting cmtt sub-encoding to TS1/0 on input line 283.
Package textcomp Info: Setting cmvtt sub-encoding to TS1/0 on input line 284.
Package textcomp Info: Setting cmbr sub-encoding to TS1/0 on input line 285.
Package textcomp Info: Setting cmtl sub-encoding to TS1/0 on input line 286.
Package textcomp Info: Setting ccr sub-encoding to TS1/0 on input line 287.
Package textcomp Info: Setting ptm sub-encoding to TS1/4 on input line 288.
Package textcomp Info: Setting pcr sub-encoding to TS1/4 on input line 289.
Package textcomp Info: Setting phv sub-encoding to TS1/4 on input line 290.
Package textcomp Info: Setting ppl sub-encoding to TS1/3 on input line 291.
Package textcomp Info: Setting pag sub-encoding to TS1/4 on input line 292.
Package textcomp Info: Setting pbk sub-encoding to TS1/4 on input line 293.
Package textcomp Info: Setting pnc sub-encoding to TS1/4 on input line 294.
Package textcomp Info: Setting pzc sub-encoding to TS1/4 on input line 295.
Package textcomp Info: Setting bch sub-encoding to TS1/4 on input line 296.
Package textcomp Info: Setting put sub-encoding to TS1/5 on input line 297.
Package textcomp Info: Setting uag sub-encoding to TS1/5 on input line 298.
Package textcomp Info: Setting ugq sub-encoding to TS1/5 on input line 299.
Package textcomp Info: Setting ul8 sub-encoding to TS1/4 on input line 300.
Package textcomp Info: Setting ul9 sub-encoding to TS1/4 on input line 301.
Package textcomp Info: Setting augie sub-encoding to TS1/5 on input line 302.
Package textcomp Info: Setting dayrom sub-encoding to TS1/3 on input line 303.
Package textcomp Info: Setting dayroms sub-encoding to TS1/3 on input line 304.

Package textcomp Info: Setting pxr sub-encoding to TS1/0 on input line 305.
Package textcomp Info: Setting pxss sub-encoding to TS1/0 on input line 306.
Package textcomp Info: Setting pxtt sub-encoding to TS1/0 on input line 307.
Package textcomp Info: Setting txr sub-encoding to TS1/0 on input line 308.
Package textcomp Info: Setting txss sub-encoding to TS1/0 on input line 309.
Package textcomp Info: Setting txtt sub-encoding to TS1/0 on input line 310.
Package textcomp Info: Setting lmr sub-encoding to TS1/0 on input line 311.
Package textcomp Info: Setting lmdh sub-encoding to TS1/0 on input line 312.
Package textcomp Info: Setting lmss sub-encoding to TS1/0 on input line 313.
Package textcomp Info: Setting lmssq sub-encoding to TS1/0 on input line 314.
Package textcomp Info: Setting lmvtt sub-encoding to TS1/0 on input line 315.
Package textcomp Info: Setting qhv sub-encoding to TS1/0 on input line 316.
Package textcomp Info: Setting qag sub-encoding to TS1/0 on input line 317.
Package textcomp Info: Setting qbk sub-encoding to TS1/0 on input line 318.
Package textcomp Info: Setting qcr sub-encoding to TS1/0 on input line 319.
Package textcomp Info: Setting qcs sub-encoding to TS1/0 on input line 320.
Package textcomp Info: Setting qpl sub-encoding to TS1/0 on input line 321.
Package textcomp Info: Setting qtm sub-encoding to TS1/0 on input line 322.
Package textcomp Info: Setting qzc sub-encoding to TS1/0 on input line 323.
Package textcomp Info: Setting qhvc sub-encoding to TS1/0 on input line 324.
Package textcomp Info: Setting futs sub-encoding to TS1/4 on input line 325.
Package textcomp Info: Setting futx sub-encoding to TS1/4 on input line 326.
Package textcomp Info: Setting futj sub-encoding to TS1/4 on input line 327.
Package textcomp Info: Setting hlh sub-encoding to TS1/3 on input line 328.
Package textcomp Info: Setting hls sub-encoding to TS1/3 on input line 329.
Package textcomp Info: Setting hlst sub-encoding to TS1/3 on input line 330.
Package textcomp Info: Setting hlct sub-encoding to TS1/5 on input line 331.
Package textcomp Info: Setting hlx sub-encoding to TS1/5 on input line 332.
Package textcomp Info: Setting hlce sub-encoding to TS1/5 on input line 333.
Package textcomp Info: Setting hlcn sub-encoding to TS1/5 on input line 334.
Package textcomp Info: Setting hlcw sub-encoding to TS1/5 on input line 335.
Package textcomp Info: Setting hlcf sub-encoding to TS1/5 on input line 336.
Package textcomp Info: Setting pplx sub-encoding to TS1/3 on input line 337.
Package textcomp Info: Setting pplj sub-encoding to TS1/3 on input line 338.
Package textcomp Info: Setting ptmx sub-encoding to TS1/4 on input line 339.
Package textcomp Info: Setting ptmj sub-encoding to TS1/4 on input line 340.
)
("C:\Program Files (x86)\MiKTeX 2.9\tex\latex\base\fontenc.sty"
Package: fontenc 2005/09/27 v1.99g Standard LaTeX package

("C:\Program Files (x86)\MiKTeX 2.9\tex\latex\base\t1enc.def"
File: t1enc.def 2005/09/27 v1.99g Standard LaTeX file
LaTeX Font Info:    Redeclaring font encoding T1 on input line 43.
))
("C:\Program Files (x86)\MiKTeX 2.9\tex\latex\ae\ae.sty"
Package: ae 2001/02/12 1.3 Almost European Computer Modern

("C:\Program Files (x86)\MiKTeX 2.9\tex\latex\base\fontenc.sty"
Package: fontenc 2005/09/27 v1.99g Standard LaTeX package

("C:\Program Files (x86)\MiKTeX 2.9\tex\latex\base\t1enc.def"
File: t1enc.def 2005/09/27 v1.99g Standard LaTeX file
LaTeX Font Info:    Redeclaring font encoding T1 on input line 43.
)
LaTeX Font Info:    Try loading font information for T1+aer on input line 100.

("C:\Program Files (x86)\MiKTeX 2.9\tex\latex\ae\t1aer.fd"
File: t1aer.fd 1997/11/16 Font definitions for T1/aer.
))))
(C:\Users\janne.pitkaniemi\SPE\lectures\poisson-logistic\SPE-Poisson-Logistic-R
egression.aux)
LaTeX Font Info:    Checking defaults for OML/cmm/m/it on input line 31.
LaTeX Font Info:    ... okay on input line 31.
LaTeX Font Info:    Checking defaults for T1/cmr/m/n on input line 31.
LaTeX Font Info:    ... okay on input line 31.
LaTeX Font Info:    Checking defaults for OT1/cmr/m/n on input line 31.
LaTeX Font Info:    ... okay on input line 31.
LaTeX Font Info:    Checking defaults for OMS/cmsy/m/n on input line 31.
LaTeX Font Info:    ... okay on input line 31.
LaTeX Font Info:    Checking defaults for OMX/cmex/m/n on input line 31.
LaTeX Font Info:    ... okay on input line 31.
LaTeX Font Info:    Checking defaults for U/cmr/m/n on input line 31.
LaTeX Font Info:    ... okay on input line 31.
LaTeX Font Info:    Checking defaults for PD1/pdf/m/n on input line 31.
LaTeX Font Info:    ... okay on input line 31.
LaTeX Font Info:    Checking defaults for TS1/cmr/m/n on input line 31.
LaTeX Font Info:    Try loading font information for TS1+cmr on input line 31.
 ("C:\Program Files (x86)\MiKTeX 2.9\tex\latex\base\ts1cmr.fd"
File: ts1cmr.fd 1999/05/25 v2.5h Standard LaTeX font definitions
)
LaTeX Font Info:    ... okay on input line 31.
LaTeX Font Info:    Try loading font information for T1+aess on input line 31.

("C:\Program Files (x86)\MiKTeX 2.9\tex\latex\ae\t1aess.fd"
File: t1aess.fd 1997/11/16 Font definitions for T1/aess.
)
*geometry* driver: auto-detecting
*geometry* detected driver: pdftex
*geometry* verbose mode - [ preamble ] result:
* driver: pdftex
* paper: custom
* layout: <same size as paper>
* layoutoffset:(h,v)=(0.0pt,0.0pt)
* modes: includehead includefoot 
* h-part:(L,W,R)=(28.45274pt, 307.28987pt, 28.45274pt)
* v-part:(T,H,B)=(0.0pt, 273.14662pt, 0.0pt)
* \paperwidth=364.19536pt
* \paperheight=273.14662pt
* \textwidth=307.28987pt
* \textheight=244.6939pt
* \oddsidemargin=-43.81725pt
* \evensidemargin=-43.81725pt
* \topmargin=-72.26999pt
* \headheight=14.22636pt
* \headsep=0.0pt
* \topskip=12.0pt
* \footskip=14.22636pt
* \marginparwidth=4.0pt
* \marginparsep=10.0pt
* \columnsep=10.0pt
* \skip\footins=10.8pt plus 4.0pt minus 2.0pt
* \hoffset=0.0pt
* \voffset=0.0pt
* \mag=1000
* \@twocolumnfalse
* \@twosidefalse
* \@mparswitchfalse
* \@reversemarginfalse
* (1in=72.27pt=25.4mm, 1cm=28.453pt)

("C:\Program Files (x86)\MiKTeX 2.9\tex\context\base\supp-pdf.mkii"
[Loading MPS to PDF converter (version 2006.09.02).]
\scratchcounter=\count164
\scratchdimen=\dimen192
\scratchbox=\box56
\nofMPsegments=\count165
\nofMParguments=\count166
\everyMPshowfont=\toks44
\MPscratchCnt=\count167
\MPscratchDim=\dimen193
\MPnumerator=\count168
\makeMPintoPDFobject=\count169
\everyMPtoPDFconversion=\toks45
) ABD: EveryShipout initializing macros
\AtBeginShipoutBox=\box57
Package hyperref Info: Link coloring OFF on input line 31.

("C:\Program Files (x86)\MiKTeX 2.9\tex\latex\hyperref\nameref.sty"
Package: nameref 2012/10/27 v2.43 Cross-referencing by name of section

("C:\Program Files (x86)\MiKTeX 2.9\tex\generic\oberdiek\gettitlestring.sty"
Package: gettitlestring 2010/12/03 v1.4 Cleanup title references (HO)
)
\c@section@level=\count170
)
LaTeX Info: Redefining \ref on input line 31.
LaTeX Info: Redefining \pageref on input line 31.
LaTeX Info: Redefining \nameref on input line 31.

(C:\Users\janne.pitkaniemi\SPE\lectures\poisson-logistic\SPE-Poisson-Logistic-R
egression.out)
(C:\Users\janne.pitkaniemi\SPE\lectures\poisson-logistic\SPE-Poisson-Logistic-R
egression.out)
\@outlinefile=\write6
LaTeX Font Info:    Overwriting symbol font `operators' in version `normal'
(Font)                  OT1/cmr/m/n --> OT1/cmss/m/n on input line 31.
LaTeX Font Info:    Overwriting symbol font `operators' in version `bold'
(Font)                  OT1/cmr/bx/n --> OT1/cmss/bx/n on input line 31.
\symnumbers=\mathgroup6
\sympureletters=\mathgroup7
LaTeX Font Info:    Overwriting math alphabet `\mathrm' in version `normal'
(Font)                  OT1/cmss/m/n --> T1/aer/m/n on input line 31.
LaTeX Font Info:    Redeclaring math alphabet \mathbf on input line 31.
LaTeX Font Info:    Overwriting math alphabet `\mathbf' in version `normal'
(Font)                  OT1/cmr/bx/n --> T1/aess/bx/n on input line 31.
LaTeX Font Info:    Overwriting math alphabet `\mathbf' in version `bold'
(Font)                  OT1/cmr/bx/n --> T1/aess/bx/n on input line 31.
LaTeX Font Info:    Redeclaring math alphabet \mathsf on input line 31.
LaTeX Font Info:    Overwriting math alphabet `\mathsf' in version `normal'
(Font)                  OT1/cmss/m/n --> T1/aess/m/n on input line 31.
LaTeX Font Info:    Overwriting math alphabet `\mathsf' in version `bold'
(Font)                  OT1/cmss/bx/n --> T1/aess/m/n on input line 31.
LaTeX Font Info:    Redeclaring math alphabet \mathit on input line 31.
LaTeX Font Info:    Overwriting math alphabet `\mathit' in version `normal'
(Font)                  OT1/cmr/m/it --> T1/aess/m/it on input line 31.
LaTeX Font Info:    Overwriting math alphabet `\mathit' in version `bold'
(Font)                  OT1/cmr/bx/it --> T1/aess/m/it on input line 31.
LaTeX Font Info:    Redeclaring math alphabet \mathtt on input line 31.
LaTeX Font Info:    Overwriting math alphabet `\mathtt' in version `normal'
(Font)                  OT1/cmtt/m/n --> T1/aett/m/n on input line 31.
LaTeX Font Info:    Overwriting math alphabet `\mathtt' in version `bold'
(Font)                  OT1/cmtt/m/n --> T1/aett/m/n on input line 31.
LaTeX Font Info:    Overwriting symbol font `numbers' in version `bold'
(Font)                  T1/aess/m/n --> T1/aess/bx/n on input line 31.
LaTeX Font Info:    Overwriting symbol font `pureletters' in version `bold'
(Font)                  T1/aess/m/it --> T1/aess/bx/it on input line 31.
LaTeX Font Info:    Overwriting math alphabet `\mathrm' in version `bold'
(Font)                  OT1/cmss/bx/n --> T1/aer/bx/n on input line 31.
LaTeX Font Info:    Overwriting math alphabet `\mathbf' in version `bold'
(Font)                  T1/aess/bx/n --> T1/aess/bx/n on input line 31.
LaTeX Font Info:    Overwriting math alphabet `\mathsf' in version `bold'
(Font)                  T1/aess/m/n --> T1/aess/bx/n on input line 31.
LaTeX Font Info:    Overwriting math alphabet `\mathit' in version `bold'
(Font)                  T1/aess/m/it --> T1/aess/bx/it on input line 31.
LaTeX Font Info:    Overwriting math alphabet `\mathtt' in version `bold'
(Font)                  T1/aett/m/n --> T1/aett/bx/n on input line 31.

(C:\Users\janne.pitkaniemi\AppData\Roaming\MiKTeX\2.9\tex\latex\beamer\base\tra
nslator\dicts\translator-basic-dictionary\translator-basic-dictionary-English.d
ict
Dictionary: translator-basic-dictionary, Language: English 
)
(C:\Users\janne.pitkaniemi\AppData\Roaming\MiKTeX\2.9\tex\latex\beamer\base\tra
nslator\dicts\translator-bibliography-dictionary\translator-bibliography-dictio
nary-English.dict
Dictionary: translator-bibliography-dictionary, Language: English 
)
(C:\Users\janne.pitkaniemi\AppData\Roaming\MiKTeX\2.9\tex\latex\beamer\base\tra
nslator\dicts\translator-environment-dictionary\translator-environment-dictiona
ry-English.dict
Dictionary: translator-environment-dictionary, Language: English 
)
(C:\Users\janne.pitkaniemi\AppData\Roaming\MiKTeX\2.9\tex\latex\beamer\base\tra
nslator\dicts\translator-months-dictionary\translator-months-dictionary-English
.dict
Dictionary: translator-months-dictionary, Language: English 
)
(C:\Users\janne.pitkaniemi\AppData\Roaming\MiKTeX\2.9\tex\latex\beamer\base\tra
nslator\dicts\translator-numbers-dictionary\translator-numbers-dictionary-Engli
sh.dict
Dictionary: translator-numbers-dictionary, Language: English 
)
(C:\Users\janne.pitkaniemi\AppData\Roaming\MiKTeX\2.9\tex\latex\beamer\base\tra
nslator\dicts\translator-theorem-dictionary\translator-theorem-dictionary-Engli
sh.dict
Dictionary: translator-theorem-dictionary, Language: English 
)
LaTeX Info: Redefining \includegraphics on input line 31.
\c@lstlisting=\count171

(C:\Users\janne.pitkaniemi\SPE\lectures\poisson-logistic\SPE-Poisson-Logistic-R
egression.nav) [1

{C:/Users/janne.pitkaniemi/AppData/Local/MiKTeX/2.9/pdftex/config/pdftex.map}]
(C:\Users\janne.pitkaniemi\SPE\lectures\poisson-logistic\SPE-Poisson-Logistic-R
egression-concordance.tex)
(C:\Users\janne.pitkaniemi\SPE\lectures\poisson-logistic\SPE-Poisson-Logistic-R
egression.vrb
LaTeX Font Info:    Try loading font information for U+msa on input line 4.
 ("C:\Program Files (x86)\MiKTeX 2.9\tex\latex\amsfonts\umsa.fd"
File: umsa.fd 2013/01/14 v3.01 AMS symbols A
)
LaTeX Font Info:    Try loading font information for U+msb on input line 4.

("C:\Program Files (x86)\MiKTeX 2.9\tex\latex\amsfonts\umsb.fd"
File: umsb.fd 2013/01/14 v3.01 AMS symbols B
)
LaTeX Font Info:    Font shape `T1/aess/m/it' in size <8> not available
(Font)              Font shape `T1/aess/m/sl' tried instead on input line 4.
LaTeX Font Info:    Font shape `T1/aess/m/it' in size <6> not available
(Font)              Font shape `T1/aess/m/sl' tried instead on input line 4.
LaTeX Font Info:    Font shape `T1/aess/m/it' in size <5> not available
(Font)              Font shape `T1/aess/m/sl' tried instead on input line 4.
LaTeX Font Info:    Font shape `T1/aess/m/it' in size <12> not available
(Font)              Font shape `T1/aess/m/sl' tried instead on input line 4.
) [2

]
<over75lines.pdf, id=29, 505.89pt x 325.215pt>
File: over75lines.pdf Graphic file (type pdf)
 <use over75lines.pdf>
Package pdftex.def Info: over75lines.pdf used on input line 62.
(pdftex.def)             Requested size: 245.83493pt x 184.94771pt.

Overfull \vbox (10.95651pt too high) detected at line 62
 []

[3

 <C:/Users/janne.pitkaniemi/SPE/lectures/poisson-logistic/over75lines.pdf>]
<over75fulines.pdf, id=42, 505.89pt x 325.215pt>
File: over75fulines.pdf Graphic file (type pdf)
 <use over75fulines.pdf>
Package pdftex.def Info: over75fulines.pdf used on input line 69.
(pdftex.def)             Requested size: 245.83493pt x 184.94771pt.

[4

 <C:/Users/janne.pitkaniemi/SPE/lectures/poisson-logistic/over75fulines.pdf>]
LaTeX Font Info:    Try loading font information for T1+aett on input line 90.
("C:\Program Files (x86)\MiKTeX 2.9\tex\latex\ae\t1aett.fd"
File: t1aett.fd 1997/11/16 Font definitions for T1/aett.
) [5

]
(C:\Users\janne.pitkaniemi\SPE\lectures\poisson-logistic\SPE-Poisson-Logistic-R
egression.vrb
LaTeX Font Info:    Font shape `T1/aess/m/it' in size <10> not available
(Font)              Font shape `T1/aess/m/sl' tried instead on input line 6.
LaTeX Font Info:    Font shape `T1/aess/m/it' in size <7> not available
(Font)              Font shape `T1/aess/m/sl' tried instead on input line 6.
LaTeX Font Info:    Try loading font information for TS1+aess on input line 22.

LaTeX Font Info:    No file TS1aess.fd. on input line 22.


LaTeX Font Warning: Font shape `TS1/aess/bx/n' undefined
(Font)              using `TS1/cmr/m/n' instead
(Font)              for symbol `textasteriskcentered' on input line 22.

) [6

]
(C:\Users\janne.pitkaniemi\SPE\lectures\poisson-logistic\SPE-Poisson-Logistic-R
egression.vrb) [7

]
(C:\Users\janne.pitkaniemi\SPE\lectures\poisson-logistic\SPE-Poisson-Logistic-R
egression.vrb) [8

]
(C:\Users\janne.pitkaniemi\SPE\lectures\poisson-logistic\SPE-Poisson-Logistic-R
egression.vrb
LaTeX Font Info:    Font shape `T1/aess/m/it' in size <10.95> not available
(Font)              Font shape `T1/aess/m/sl' tried instead on input line 10.
) [9

]
(C:\Users\janne.pitkaniemi\SPE\lectures\poisson-logistic\SPE-Poisson-Logistic-R
egression.vrb
Overfull \hbox (39.43336pt too wide) in paragraph at lines 11--12
[][][][]  
 []


Overfull \hbox (39.43336pt too wide) in paragraph at lines 13--14
[][][][]  
 []


Overfull \hbox (39.43336pt too wide) in paragraph at lines 16--17
[][][][]  
 []

)
Overfull \vbox (9.8068pt too high) detected at line 218
 []

[10

]
(C:\Users\janne.pitkaniemi\SPE\lectures\poisson-logistic\SPE-Poisson-Logistic-R
egression.vrb)
Overfull \vbox (13.47845pt too high) detected at line 249
 []

[11

]
(C:\Users\janne.pitkaniemi\SPE\lectures\poisson-logistic\SPE-Poisson-Logistic-R
egression.vrb

LaTeX Font Warning: Font shape `T1/aett/bx/n' undefined
(Font)              using `T1/aett/m/n' instead on input line 9.

)
Overfull \vbox (5.90683pt too high) detected at line 277
 []

[12

]
(C:\Users\janne.pitkaniemi\SPE\lectures\poisson-logistic\SPE-Poisson-Logistic-R
egression.vrb) [13

]
(C:\Users\janne.pitkaniemi\SPE\lectures\poisson-logistic\SPE-Poisson-Logistic-R
egression.vrb) [14

]
(C:\Users\janne.pitkaniemi\SPE\lectures\poisson-logistic\SPE-Poisson-Logistic-R
egression.vrb) [15

]
(C:\Users\janne.pitkaniemi\SPE\lectures\poisson-logistic\SPE-Poisson-Logistic-R
egression.vrb)
Overfull \vbox (16.1217pt too high) detected at line 382
 []

[16

]
(C:\Users\janne.pitkaniemi\SPE\lectures\poisson-logistic\SPE-Poisson-Logistic-R
egression.vrb) [17

]
(C:\Users\janne.pitkaniemi\SPE\lectures\poisson-logistic\SPE-Poisson-Logistic-R
egression.vrb)
Overfull \vbox (32.19449pt too high) detected at line 483
 []

[18

]
(C:\Users\janne.pitkaniemi\SPE\lectures\poisson-logistic\SPE-Poisson-Logistic-R
egression.vrb) [19

]
(C:\Users\janne.pitkaniemi\SPE\lectures\poisson-logistic\SPE-Poisson-Logistic-R
egression.vrb) [20

]
(C:\Users\janne.pitkaniemi\SPE\lectures\poisson-logistic\SPE-Poisson-Logistic-R
egression.vrb) [21

]
(C:\Users\janne.pitkaniemi\SPE\lectures\poisson-logistic\SPE-Poisson-Logistic-R
egression.vrb) [22

]
(C:\Users\janne.pitkaniemi\SPE\lectures\poisson-logistic\SPE-Poisson-Logistic-R
egression.vrb) [23

]
(C:\Users\janne.pitkaniemi\SPE\lectures\poisson-logistic\SPE-Poisson-Logistic-R
egression.vrb) [24

]
(C:\Users\janne.pitkaniemi\SPE\lectures\poisson-logistic\SPE-Poisson-Logistic-R
egression.vrb) [25

]
(C:\Users\janne.pitkaniemi\SPE\lectures\poisson-logistic\SPE-Poisson-Logistic-R
egression.vrb) [26

]
(C:\Users\janne.pitkaniemi\SPE\lectures\poisson-logistic\SPE-Poisson-Logistic-R
egression.vrb) [27

] [28

]
\tf@nav=\write7
\tf@toc=\write8
\tf@snm=\write9
Package atveryend Info: Empty hook `BeforeClearDocument' on input line 821.
Package atveryend Info: Empty hook `AfterLastShipout' on input line 821.

(C:\Users\janne.pitkaniemi\SPE\lectures\poisson-logistic\SPE-Poisson-Logistic-R
egression.aux)
Package atveryend Info: Executing hook `AtVeryEndDocument' on input line 821.
Package atveryend Info: Executing hook `AtEndAfterFileList' on input line 821.
Package rerunfilecheck Info: File `SPE-Poisson-Logistic-Regression.out' has not
 changed.
(rerunfilecheck)             Checksum: D41D8CD98F00B204E9800998ECF8427E;0.


LaTeX Font Warning: Some font shapes were not available, defaults substituted.

Package atveryend Info: Empty hook `AtVeryVeryEnd' on input line 821.
 ) 
Here is how much of TeX's memory you used:
 19299 strings out of 493921
 365935 string characters out of 3144843
 489549 words of memory out of 3000000
 21995 multiletter control sequences out of 15000+200000
 56264 words of font info for 117 fonts, out of 3000000 for 9000
 841 hyphenation exceptions out of 8191
 56i,15n,55p,454b,1283s stack positions out of 5000i,500n,10000p,200000b,50000s
 <C:\Users\janne.pitkaniemi\AppData\Local\MiKTeX\2.9\fonts\pk\ljfour\jknappen
\ec\dpi600\tcrm1000.pk><C:/Program Files (x86)/MiKTeX 2.9/fonts/type1/public/am
sfonts/cm/cmex10.pfb><C:/Program Files (x86)/MiKTeX 2.9/fonts/type1/public/amsf
onts/cm/cmmi10.pfb><C:/Program Files (x86)/MiKTeX 2.9/fonts/type1/public/amsfon
ts/cm/cmmi12.pfb><C:/Program Files (x86)/MiKTeX 2.9/fonts/type1/public/amsfonts
/cm/cmmi8.pfb><C:/Program Files (x86)/MiKTeX 2.9/fonts/type1/public/amsfonts/cm
/cmmib10.pfb><C:/Program Files (x86)/MiKTeX 2.9/fonts/type1/public/amsfonts/cm/
cmsltt10.pfb><C:/Program Files (x86)/MiKTeX 2.9/fonts/type1/public/amsfonts/cm/
cmss10.pfb><C:/Program Files (x86)/MiKTeX 2.9/fonts/type1/public/amsfonts/cm/cm
ss12.pfb><C:/Program Files (x86)/MiKTeX 2.9/fonts/type1/public/amsfonts/cm/cmss
17.pfb><C:/Program Files (x86)/MiKTeX 2.9/fonts/type1/public/amsfonts/cm/cmss8.
pfb><C:/Program Files (x86)/MiKTeX 2.9/fonts/type1/public/amsfonts/cm/cmssbx10.
pfb><C:/Program Files (x86)/MiKTeX 2.9/fonts/type1/public/amsfonts/cm/cmssi12.p
fb><C:/Program Files (x86)/MiKTeX 2.9/fonts/type1/public/amsfonts/cm/cmssi8.pfb
><C:/Program Files (x86)/MiKTeX 2.9/fonts/type1/public/amsfonts/cm/cmsy10.pfb><
C:/Program Files (x86)/MiKTeX 2.9/fonts/type1/public/amsfonts/cm/cmsy8.pfb><C:/
Program Files (x86)/MiKTeX 2.9/fonts/type1/public/amsfonts/cm/cmtt10.pfb><C:/Pr
ogram Files (x86)/MiKTeX 2.9/fonts/type1/public/amsfonts/cm/cmtt12.pfb><C:/Prog
ram Files (x86)/MiKTeX 2.9/fonts/type1/public/amsfonts/cm/cmtt8.pfb><C:/Program
 Files (x86)/MiKTeX 2.9/fonts/type1/public/amsfonts/symbols/msam10.pfb><C:/Prog
ram Files (x86)/MiKTeX 2.9/fonts/type1/public/amsfonts/symbols/msam7.pfb>
Output written on SPE-Poisson-Logistic-Regression.pdf (28 pages, 284371 bytes).

PDF statistics:
 273 PDF objects out of 1000 (max. 8388607)
 57 named destinations out of 1000 (max. 500000)
 57 words of extra memory for PDF output out of 10000 (max. 10000000)

